<?xml version="1.0" encoding="UTF-8"?>
<testsuite name="io.spring.cloud.samples.fortuneteller.ui.services.fortunes.FortuneServicePactTest" time="0.409" tests="1" errors="1" skipped="0" failures="0">
  <properties>
[...]
</properties>
  <testcase name="runTest" classname="io.spring.cloud.samples.fortuneteller.ui.services.fortunes.FortuneServicePactTest" time="0.409">
    <error message="java.net.BindException: Address already in use" type="java.lang.RuntimeException">java.lang.RuntimeException: java.net.BindException: Address already in use
	at au.com.dius.pact.consumer.PactRule$1.evaluate(PactRule.java:82)
	at org.junit.rules.RunRules.evaluate(RunRules.java:20)
	at org.springframework.test.context.junit4.statements.SpringRepeat.evaluate(SpringRepeat.java:73)
	at org.junit.runners.ParentRunner.runLeaf(ParentRunner.java:325)
	at org.springframework.test.context.junit4.SpringJUnit4ClassRunner.runChild(SpringJUnit4ClassRunner.java:224)
	at org.springframework.test.context.junit4.SpringJUnit4ClassRunner.runChild(SpringJUnit4ClassRunner.java:83)
	at org.junit.runners.ParentRunner$3.run(ParentRunner.java:290)
	at org.junit.runners.ParentRunner$1.schedule(ParentRunner.java:71)
	at org.junit.runners.ParentRunner.runChildren(ParentRunner.java:288)
	at org.junit.runners.ParentRunner.access$000(ParentRunner.java:58)
	at org.junit.runners.ParentRunner$2.evaluate(ParentRunner.java:268)
	at org.springframework.test.context.junit4.statements.RunBeforeTestClassCallbacks.evaluate(RunBeforeTestClassCallbacks.java:61)
	at org.springframework.test.context.junit4.statements.RunAfterTestClassCallbacks.evaluate(RunAfterTestClassCallbacks.java:68)
	at org.junit.runners.ParentRunner.run(ParentRunner.java:363)
	at org.springframework.test.context.junit4.SpringJUnit4ClassRunner.run(SpringJUnit4ClassRunner.java:163)
	at org.apache.maven.surefire.junit4.JUnit4Provider.execute(JUnit4Provider.java:264)
	at org.apache.maven.surefire.junit4.JUnit4Provider.executeTestSet(JUnit4Provider.java:153)
	at org.apache.maven.surefire.junit4.JUnit4Provider.invoke(JUnit4Provider.java:124)
	at org.apache.maven.surefire.booter.ForkedBooter.invokeProviderInSameClassLoader(ForkedBooter.java:200)
	at org.apache.maven.surefire.booter.ForkedBooter.runSuitesInProcess(ForkedBooter.java:153)
	at org.apache.maven.surefire.booter.ForkedBooter.main(ForkedBooter.java:103)
Caused by: java.net.BindException: Address already in use
	at sun.nio.ch.Net.bind0(Native Method)
	at sun.nio.ch.Net.bind(Net.java:437)
	at sun.nio.ch.Net.bind(Net.java:429)
	at sun.nio.ch.ServerSocketChannelImpl.bind(ServerSocketChannelImpl.java:223)
	at sun.nio.ch.ServerSocketAdaptor.bind(ServerSocketAdaptor.java:74)
	at io.netty.channel.socket.nio.NioServerSocketChannel.doBind(NioServerSocketChannel.java:125)
	at io.netty.channel.AbstractChannel$AbstractUnsafe.bind(AbstractChannel.java:475)
	at io.netty.channel.DefaultChannelPipeline$HeadContext.bind(DefaultChannelPipeline.java:1021)
	at io.netty.channel.AbstractChannelHandlerContext.invokeBind(AbstractChannelHandlerContext.java:455)
	at io.netty.channel.AbstractChannelHandlerContext.bind(AbstractChannelHandlerContext.java:440)
	at io.netty.channel.DefaultChannelPipeline.bind(DefaultChannelPipeline.java:844)
	at io.netty.channel.AbstractChannel.bind(AbstractChannel.java:194)
	at io.netty.bootstrap.AbstractBootstrap$2.run(AbstractBootstrap.java:340)
	at io.netty.util.concurrent.SingleThreadEventExecutor.runAllTasks(SingleThreadEventExecutor.java:380)
	at io.netty.channel.nio.NioEventLoop.run(NioEventLoop.java:357)
	at io.netty.util.concurrent.SingleThreadEventExecutor$2.run(SingleThreadEventExecutor.java:116)
	at io.netty.util.concurrent.DefaultThreadFactory$DefaultRunnableDecorator.run(DefaultThreadFactory.java:137)
	at java.lang.Thread.run(Thread.java:745)
</error>
    <system-out><![CDATA[17:48:20.342 [main] DEBUG o.s.t.c.j.SpringJUnit4ClassRunner - SpringJUnit4ClassRunner constructor called with [class io.spring.cloud.samples.fortuneteller.ui.services.fortunes.FortuneServicePactTest].
17:48:20.352 [main] DEBUG o.s.test.context.BootstrapUtils - Instantiating TestContextBootstrapper from class [org.springframework.test.context.web.WebTestContextBootstrapper]
17:48:20.368 [main] DEBUG o.s.t.c.w.WebTestContextBootstrapper - Found explicit ContextLoader class [org.springframework.boot.test.SpringApplicationContextLoader] for context configuration attributes [ContextConfigurationAttributes@86be70a declaringClass = 'io.spring.cloud.samples.fortuneteller.ui.services.fortunes.FortuneServicePactTest', classes = '{class io.spring.cloud.samples.fortuneteller.ui.Application}', locations = '{}', inheritLocations = true, initializers = '{}', inheritInitializers = true, name = [null], contextLoaderClass = 'org.springframework.boot.test.SpringApplicationContextLoader']
17:48:20.378 [main] DEBUG o.s.t.c.w.WebTestContextBootstrapper - @TestExecutionListeners is not present for class [io.spring.cloud.samples.fortuneteller.ui.services.fortunes.FortuneServicePactTest]: using defaults.
17:48:20.388 [main] INFO  o.s.t.c.w.WebTestContextBootstrapper - Loaded default TestExecutionListener class names from location [META-INF/spring.factories]: [org.springframework.test.context.web.ServletTestExecutionListener, org.springframework.test.context.support.DependencyInjectionTestExecutionListener, org.springframework.test.context.support.DirtiesContextTestExecutionListener, org.springframework.test.context.transaction.TransactionalTestExecutionListener, org.springframework.test.context.jdbc.SqlScriptsTestExecutionListener]
17:48:20.402 [main] INFO  o.s.t.c.w.WebTestContextBootstrapper - Using TestExecutionListeners: [org.springframework.test.context.web.ServletTestExecutionListener@10d59286, org.springframework.test.context.support.DependencyInjectionTestExecutionListener@fe18270, org.springframework.test.context.support.DirtiesContextTestExecutionListener@6fb0d3ed, org.springframework.test.context.transaction.TransactionalTestExecutionListener@6dde5c8c, org.springframework.test.context.jdbc.SqlScriptsTestExecutionListener@5123a213]
17:48:20.404 [main] DEBUG o.s.t.annotation.ProfileValueUtils - Retrieved @ProfileValueSourceConfiguration [null] for test class [io.spring.cloud.samples.fortuneteller.ui.services.fortunes.FortuneServicePactTest]
17:48:20.404 [main] DEBUG o.s.t.annotation.ProfileValueUtils - Retrieved ProfileValueSource type [class org.springframework.test.annotation.SystemProfileValueSource] for class [io.spring.cloud.samples.fortuneteller.ui.services.fortunes.FortuneServicePactTest]
17:48:20.405 [main] DEBUG o.s.t.annotation.ProfileValueUtils - Retrieved @ProfileValueSourceConfiguration [null] for test class [io.spring.cloud.samples.fortuneteller.ui.services.fortunes.FortuneServicePactTest]
17:48:20.405 [main] DEBUG o.s.t.annotation.ProfileValueUtils - Retrieved ProfileValueSource type [class org.springframework.test.annotation.SystemProfileValueSource] for class [io.spring.cloud.samples.fortuneteller.ui.services.fortunes.FortuneServicePactTest]
17:48:20.407 [main] DEBUG o.s.t.annotation.ProfileValueUtils - Retrieved @ProfileValueSourceConfiguration [null] for test class [io.spring.cloud.samples.fortuneteller.ui.services.fortunes.FortuneServicePactTest]
17:48:20.407 [main] DEBUG o.s.t.annotation.ProfileValueUtils - Retrieved ProfileValueSource type [class org.springframework.test.annotation.SystemProfileValueSource] for class [io.spring.cloud.samples.fortuneteller.ui.services.fortunes.FortuneServicePactTest]
17:48:20.493 [main] DEBUG o.s.core.env.StandardEnvironment - Adding [systemProperties] PropertySource with lowest search precedence
17:48:20.494 [main] DEBUG o.s.core.env.StandardEnvironment - Adding [systemEnvironment] PropertySource with lowest search precedence
17:48:20.494 [main] DEBUG o.s.core.env.StandardEnvironment - Initialized StandardEnvironment with PropertySources [systemProperties,systemEnvironment]
17:48:20.494 [main] DEBUG o.s.core.env.StandardEnvironment - Adding [test] PropertySource with highest search precedence
17:48:20.496 [main] DEBUG o.s.core.env.StandardEnvironment - Adding [integrationTest] PropertySource with search precedence immediately lower than [systemEnvironment]
2016-02-24 17:48:20.896  INFO 78746 --- [           main] o.a.maven.surefire.booter.ForkedBooter   : Starting ForkedBooter v2.17 on Joel-Rolfe-MacBook-Pro.local with PID 78746 (/Users/jrolfe/.m2/repository/org/apache/maven/surefire/surefire-booter/2.17/surefire-booter-2.17.jar started by jrolfe in /Users/jrolfe/Documents/dev/git/sampleapps/fortune-teller-standalone/fortune-teller-ui)
2016-02-24 17:48:20.919  INFO 78746 --- [           main] s.c.a.AnnotationConfigApplicationContext : Refreshing org.springframework.context.annotation.AnnotationConfigApplicationContext@2b175c00: startup date [Wed Feb 24 17:48:20 EST 2016]; root of context hierarchy
2016-02-24 17:48:21.050  INFO 78746 --- [           main] f.a.AutowiredAnnotationBeanPostProcessor : JSR-330 'javax.inject.Inject' annotation found and supported for autowiring
2016-02-24 17:48:21.186  INFO 78746 --- [           main] trationDelegate$BeanPostProcessorChecker : Bean 'encrypt.CONFIGURATION_PROPERTIES' of type [class org.springframework.cloud.bootstrap.encrypt.KeyProperties] is not eligible for getting processed by all BeanPostProcessors (for example: not eligible for auto-proxying)
2016-02-24 17:48:21.187  INFO 78746 --- [           main] trationDelegate$BeanPostProcessorChecker : Bean 'encryptionBootstrapConfiguration' of type [class org.springframework.cloud.bootstrap.encrypt.EncryptionBootstrapConfiguration$$EnhancerBySpringCGLIB$$2f8b6814] is not eligible for getting processed by all BeanPostProcessors (for example: not eligible for auto-proxying)
2016-02-24 17:48:21.255  INFO 78746 --- [           main] o.a.maven.surefire.booter.ForkedBooter   : Started ForkedBooter in 0.569 seconds (JVM running for 1.336)

  .   ____          _            __ _ _
 /\\ / ___'_ __ _ _(_)_ __  __ _ \ \ \ \
( ( )\___ | '_ | '_| | '_ \/ _` | \ \ \ \
 \\/  ___)| |_)| | | | | || (_| |  ) ) ) )
  '  |____| .__|_| |_|_| |_\__, | / / / /
 =========|_|==============|___/=/_/_/_/
 :: Spring Boot ::        (v1.2.6.RELEASE)

2016-02-24 17:48:21.592  WARN 78746 --- [           main] c.c.c.ConfigServicePropertySourceLocator : Could not locate PropertySource: I/O error on GET request for "http://localhost:8888/ui/pact":Connection refused; nested exception is java.net.ConnectException: Connection refused
2016-02-24 17:48:21.598  INFO 78746 --- [           main] o.s.w.c.s.GenericWebApplicationContext   : Refreshing org.springframework.web.context.support.GenericWebApplicationContext@3bde62ff: startup date [Wed Feb 24 17:48:21 EST 2016]; parent: org.springframework.context.annotation.AnnotationConfigApplicationContext@2b175c00
2016-02-24 17:48:22.153  INFO 78746 --- [           main] o.s.b.f.s.DefaultListableBeanFactory     : Overriding bean definition for bean 'beanNameViewResolver': replacing [Root bean: class [null]; scope=; abstract=false; lazyInit=false; autowireMode=3; dependencyCheck=0; autowireCandidate=true; primary=false; factoryBeanName=org.springframework.boot.autoconfigure.web.ErrorMvcAutoConfiguration$WhitelabelErrorViewConfiguration; factoryMethodName=beanNameViewResolver; initMethodName=null; destroyMethodName=(inferred); defined in class path resource [org/springframework/boot/autoconfigure/web/ErrorMvcAutoConfiguration$WhitelabelErrorViewConfiguration.class]] with [Root bean: class [null]; scope=; abstract=false; lazyInit=false; autowireMode=3; dependencyCheck=0; autowireCandidate=true; primary=false; factoryBeanName=org.springframework.boot.autoconfigure.web.WebMvcAutoConfiguration$WebMvcAutoConfigurationAdapter; factoryMethodName=beanNameViewResolver; initMethodName=null; destroyMethodName=(inferred); defined in class path resource [org/springframework/boot/autoconfigure/web/WebMvcAutoConfiguration$WebMvcAutoConfigurationAdapter.class]]
2016-02-24 17:48:22.180  INFO 78746 --- [           main] o.s.b.f.s.DefaultListableBeanFactory     : Overriding bean definition for bean 'ignoredPathsWebSecurityConfigurerAdapter': replacing [Root bean: class [null]; scope=; abstract=false; lazyInit=false; autowireMode=3; dependencyCheck=0; autowireCandidate=true; primary=false; factoryBeanName=org.springframework.boot.autoconfigure.security.SpringBootWebSecurityConfiguration; factoryMethodName=ignoredPathsWebSecurityConfigurerAdapter; initMethodName=null; destroyMethodName=(inferred); defined in class path resource [org/springframework/boot/autoconfigure/security/SpringBootWebSecurityConfiguration.class]] with [Root bean: class [null]; scope=; abstract=false; lazyInit=false; autowireMode=3; dependencyCheck=0; autowireCandidate=true; primary=false; factoryBeanName=org.springframework.boot.actuate.autoconfigure.ManagementSecurityAutoConfiguration; factoryMethodName=ignoredPathsWebSecurityConfigurerAdapter; initMethodName=null; destroyMethodName=(inferred); defined in class path resource [org/springframework/boot/actuate/autoconfigure/ManagementSecurityAutoConfiguration.class]]
2016-02-24 17:48:22.249  INFO 78746 --- [           main] o.s.b.f.config.PropertiesFactoryBean     : Loading properties file from URL [jar:file:/Users/jrolfe/.m2/repository/org/springframework/integration/spring-integration-core/4.1.6.RELEASE/spring-integration-core-4.1.6.RELEASE.jar!/META-INF/spring.integration.default.properties]
2016-02-24 17:48:22.252  INFO 78746 --- [           main] o.s.i.config.IntegrationRegistrar        : No bean named 'integrationHeaderChannelRegistry' has been explicitly defined. Therefore, a default DefaultHeaderChannelRegistry will be created.
2016-02-24 17:48:22.452  INFO 78746 --- [           main] faultConfiguringBeanFactoryPostProcessor : No bean named 'errorChannel' has been explicitly defined. Therefore, a default PublishSubscribeChannel will be created.
2016-02-24 17:48:22.454  INFO 78746 --- [           main] faultConfiguringBeanFactoryPostProcessor : No bean named 'taskScheduler' has been explicitly defined. Therefore, a default ThreadPoolTaskScheduler will be created.
2016-02-24 17:48:22.463  INFO 78746 --- [           main] o.s.cloud.context.scope.GenericScope     : BeanFactory id=0211d017-8c74-3426-b08c-6e3e2890b88b
2016-02-24 17:48:22.467  INFO 78746 --- [           main] f.a.AutowiredAnnotationBeanPostProcessor : JSR-330 'javax.inject.Inject' annotation found and supported for autowiring
2016-02-24 17:48:22.479  INFO 78746 --- [           main] trationDelegate$BeanPostProcessorChecker : Bean 'org.springframework.amqp.rabbit.annotation.RabbitBootstrapConfiguration' of type [class org.springframework.amqp.rabbit.annotation.RabbitBootstrapConfiguration$$EnhancerBySpringCGLIB$$7826ce49] is not eligible for getting processed by all BeanPostProcessors (for example: not eligible for auto-proxying)
2016-02-24 17:48:22.513  INFO 78746 --- [           main] trationDelegate$BeanPostProcessorChecker : Bean 'org.springframework.scheduling.annotation.SchedulingConfiguration' of type [class org.springframework.scheduling.annotation.SchedulingConfiguration$$EnhancerBySpringCGLIB$$df14c0f6] is not eligible for getting processed by all BeanPostProcessors (for example: not eligible for auto-proxying)
2016-02-24 17:48:22.718  INFO 78746 --- [           main] o.s.b.f.config.PropertiesFactoryBean     : Loading properties file from URL [jar:file:/Users/jrolfe/.m2/repository/org/springframework/integration/spring-integration-core/4.1.6.RELEASE/spring-integration-core-4.1.6.RELEASE.jar!/META-INF/spring.integration.default.properties]
2016-02-24 17:48:22.718  INFO 78746 --- [           main] trationDelegate$BeanPostProcessorChecker : Bean 'integrationGlobalProperties' of type [class org.springframework.beans.factory.config.PropertiesFactoryBean] is not eligible for getting processed by all BeanPostProcessors (for example: not eligible for auto-proxying)
2016-02-24 17:48:22.724  INFO 78746 --- [           main] trationDelegate$BeanPostProcessorChecker : Bean 'integrationGlobalProperties' of type [class java.util.Properties] is not eligible for getting processed by all BeanPostProcessors (for example: not eligible for auto-proxying)
2016-02-24 17:48:22.746  INFO 78746 --- [           main] trationDelegate$BeanPostProcessorChecker : Bean 'messageBuilderFactory' of type [class org.springframework.integration.support.DefaultMessageBuilderFactory] is not eligible for getting processed by all BeanPostProcessors (for example: not eligible for auto-proxying)
2016-02-24 17:48:22.795  INFO 78746 --- [           main] trationDelegate$BeanPostProcessorChecker : Bean '(inner bean)#5740ff5e' of type [class org.springframework.integration.channel.MessagePublishingErrorHandler] is not eligible for getting processed by all BeanPostProcessors (for example: not eligible for auto-proxying)
2016-02-24 17:48:22.796  INFO 78746 --- [           main] o.s.s.c.ThreadPoolTaskScheduler          : Initializing ExecutorService  'taskScheduler'
2016-02-24 17:48:22.797  INFO 78746 --- [           main] trationDelegate$BeanPostProcessorChecker : Bean 'taskScheduler' of type [class org.springframework.scheduling.concurrent.ThreadPoolTaskScheduler] is not eligible for getting processed by all BeanPostProcessors (for example: not eligible for auto-proxying)
2016-02-24 17:48:22.817  INFO 78746 --- [           main] trationDelegate$BeanPostProcessorChecker : Bean 'integrationHeaderChannelRegistry' of type [class org.springframework.integration.channel.DefaultHeaderChannelRegistry] is not eligible for getting processed by all BeanPostProcessors (for example: not eligible for auto-proxying)
2016-02-24 17:48:22.847  INFO 78746 --- [           main] trationDelegate$BeanPostProcessorChecker : Bean 'org.springframework.cloud.autoconfigure.RefreshAutoConfiguration$ConfigurationPropertiesRebinderConfiguration' of type [class org.springframework.cloud.autoconfigure.RefreshAutoConfiguration$ConfigurationPropertiesRebinderConfiguration$$EnhancerBySpringCGLIB$$5fc22af1] is not eligible for getting processed by all BeanPostProcessors (for example: not eligible for auto-proxying)
2016-02-24 17:48:23.298  WARN 78746 --- [           main] c.n.c.sources.URLConfigurationSource     : No URLs will be polled as dynamic configuration sources.
2016-02-24 17:48:23.298  INFO 78746 --- [           main] c.n.c.sources.URLConfigurationSource     : To enable URLs as dynamic configuration sources, define System property archaius.configurationSource.additionalUrls or make config.properties available on classpath.
2016-02-24 17:48:23.303  INFO 78746 --- [           main] c.netflix.config.DynamicPropertyFactory  : DynamicPropertyFactory is initialized with configuration sources: com.netflix.config.ConcurrentCompositeConfiguration@64502326
2016-02-24 17:48:23.350  INFO 78746 --- [           main] o.s.s.concurrent.ThreadPoolTaskExecutor  : Initializing ExecutorService  'metricsExecutor'
2016-02-24 17:48:24.054  INFO 78746 --- [           main] s.w.s.m.m.a.RequestMappingHandlerAdapter : Looking for @ControllerAdvice: org.springframework.web.context.support.GenericWebApplicationContext@3bde62ff: startup date [Wed Feb 24 17:48:21 EST 2016]; parent: org.springframework.context.annotation.AnnotationConfigApplicationContext@2b175c00
2016-02-24 17:48:24.135  INFO 78746 --- [           main] s.w.s.m.m.a.RequestMappingHandlerMapping : Mapped "{[/random]}" onto public io.spring.cloud.samples.fortuneteller.ui.services.fortunes.Fortune io.spring.cloud.samples.fortuneteller.ui.controllers.UiController.randomFortune()
2016-02-24 17:48:24.136  INFO 78746 --- [           main] s.w.s.m.m.a.RequestMappingHandlerMapping : Mapped "{[/error]}" onto public org.springframework.http.ResponseEntity<java.util.Map<java.lang.String, java.lang.Object>> org.springframework.boot.autoconfigure.web.BasicErrorController.error(javax.servlet.http.HttpServletRequest)
2016-02-24 17:48:24.137  INFO 78746 --- [           main] s.w.s.m.m.a.RequestMappingHandlerMapping : Mapped "{[/error],produces=[text/html]}" onto public org.springframework.web.servlet.ModelAndView org.springframework.boot.autoconfigure.web.BasicErrorController.errorHtml(javax.servlet.http.HttpServletRequest)
2016-02-24 17:48:24.148  INFO 78746 --- [           main] o.s.w.s.c.a.WebMvcConfigurerAdapter      : Adding welcome page: file:/Users/jrolfe/Documents/dev/git/sampleapps/fortune-teller-standalone/fortune-teller-ui/target/classes/static/index.html
2016-02-24 17:48:24.162  INFO 78746 --- [           main] o.s.w.s.handler.SimpleUrlHandlerMapping  : Root mapping to handler of type [class org.springframework.web.servlet.mvc.ParameterizableViewController]
2016-02-24 17:48:24.176  INFO 78746 --- [           main] o.s.w.s.handler.SimpleUrlHandlerMapping  : Mapped URL path [/webjars/**] onto handler of type [class org.springframework.web.servlet.resource.ResourceHttpRequestHandler]
2016-02-24 17:48:24.176  INFO 78746 --- [           main] o.s.w.s.handler.SimpleUrlHandlerMapping  : Mapped URL path [/**] onto handler of type [class org.springframework.web.servlet.resource.ResourceHttpRequestHandler]
2016-02-24 17:48:24.231  INFO 78746 --- [           main] o.s.w.s.handler.SimpleUrlHandlerMapping  : Mapped URL path [/**/favicon.ico] onto handler of type [class org.springframework.web.servlet.resource.ResourceHttpRequestHandler]
2016-02-24 17:48:24.779  INFO 78746 --- [           main] o.s.b.a.e.mvc.EndpointHandlerMapping     : Mapped "{[/hystrix.stream/**]}" onto public org.springframework.web.servlet.ModelAndView org.springframework.cloud.netflix.endpoint.ServletWrappingEndpoint.handle(javax.servlet.http.HttpServletRequest,javax.servlet.http.HttpServletResponse) throws java.lang.Exception
2016-02-24 17:48:24.780  INFO 78746 --- [           main] o.s.b.a.e.mvc.EndpointHandlerMapping     : Mapped "{[/health]}" onto public java.lang.Object org.springframework.boot.actuate.endpoint.mvc.HealthMvcEndpoint.invoke(java.security.Principal)
2016-02-24 17:48:24.780  INFO 78746 --- [           main] o.s.b.a.e.mvc.EndpointHandlerMapping     : Mapped "{[/env],methods=[POST]}" onto public java.lang.Object org.springframework.cloud.context.environment.EnvironmentManagerMvcEndpoint.value(java.util.Map<java.lang.String, java.lang.String>)
2016-02-24 17:48:24.780  INFO 78746 --- [           main] o.s.b.a.e.mvc.EndpointHandlerMapping     : Mapped "{[/env/reset],methods=[POST]}" onto public java.util.Map<java.lang.String, java.lang.Object> org.springframework.cloud.context.environment.EnvironmentManagerMvcEndpoint.reset()
2016-02-24 17:48:24.781  INFO 78746 --- [           main] o.s.b.a.e.mvc.EndpointHandlerMapping     : Mapped "{[/trace],methods=[GET]}" onto public java.lang.Object org.springframework.boot.actuate.endpoint.mvc.EndpointMvcAdapter.invoke()
2016-02-24 17:48:24.781  INFO 78746 --- [           main] o.s.b.a.e.mvc.EndpointHandlerMapping     : Mapped "{[/restart],methods=[POST]}" onto public java.lang.Object org.springframework.cloud.context.restart.RestartMvcEndpoint.invoke()
2016-02-24 17:48:24.781  INFO 78746 --- [           main] o.s.b.a.e.mvc.EndpointHandlerMapping     : Mapped "{[/beans],methods=[GET]}" onto public java.lang.Object org.springframework.boot.actuate.endpoint.mvc.EndpointMvcAdapter.invoke()
2016-02-24 17:48:24.781  INFO 78746 --- [           main] o.s.b.a.e.mvc.EndpointHandlerMapping     : Mapped "{[/dump],methods=[GET]}" onto public java.lang.Object org.springframework.boot.actuate.endpoint.mvc.EndpointMvcAdapter.invoke()
2016-02-24 17:48:24.782  INFO 78746 --- [           main] o.s.b.a.e.mvc.EndpointHandlerMapping     : Mapped "{[/metrics/{name:.*}],methods=[GET]}" onto public java.lang.Object org.springframework.boot.actuate.endpoint.mvc.MetricsMvcEndpoint.value(java.lang.String)
2016-02-24 17:48:24.782  INFO 78746 --- [           main] o.s.b.a.e.mvc.EndpointHandlerMapping     : Mapped "{[/metrics],methods=[GET]}" onto public java.lang.Object org.springframework.boot.actuate.endpoint.mvc.EndpointMvcAdapter.invoke()
2016-02-24 17:48:24.782  INFO 78746 --- [           main] o.s.b.a.e.mvc.EndpointHandlerMapping     : Mapped "{[/refresh],methods=[POST]}" onto public java.lang.Object org.springframework.cloud.endpoint.GenericPostableMvcEndpoint.invoke()
2016-02-24 17:48:24.782  INFO 78746 --- [           main] o.s.b.a.e.mvc.EndpointHandlerMapping     : Mapped "{[/resume],methods=[POST]}" onto public java.lang.Object org.springframework.cloud.endpoint.GenericPostableMvcEndpoint.invoke()
2016-02-24 17:48:24.782  INFO 78746 --- [           main] o.s.b.a.e.mvc.EndpointHandlerMapping     : Mapped "{[/configprops],methods=[GET]}" onto public java.lang.Object org.springframework.boot.actuate.endpoint.mvc.EndpointMvcAdapter.invoke()
2016-02-24 17:48:24.783  INFO 78746 --- [           main] o.s.b.a.e.mvc.EndpointHandlerMapping     : Mapped "{[/archaius],methods=[GET]}" onto public java.lang.Object org.springframework.boot.actuate.endpoint.mvc.EndpointMvcAdapter.invoke()
2016-02-24 17:48:24.783  INFO 78746 --- [           main] o.s.b.a.e.mvc.EndpointHandlerMapping     : Mapped "{[/env/{name:.*}],methods=[GET]}" onto public java.lang.Object org.springframework.boot.actuate.endpoint.mvc.EnvironmentMvcEndpoint.value(java.lang.String)
2016-02-24 17:48:24.785  INFO 78746 --- [           main] o.s.b.a.e.mvc.EndpointHandlerMapping     : Mapped "{[/env],methods=[GET]}" onto public java.lang.Object org.springframework.boot.actuate.endpoint.mvc.EndpointMvcAdapter.invoke()
2016-02-24 17:48:24.785  INFO 78746 --- [           main] o.s.b.a.e.mvc.EndpointHandlerMapping     : Mapped "{[/info],methods=[GET]}" onto public java.lang.Object org.springframework.boot.actuate.endpoint.mvc.EndpointMvcAdapter.invoke()
2016-02-24 17:48:24.785  INFO 78746 --- [           main] o.s.b.a.e.mvc.EndpointHandlerMapping     : Mapped "{[/pause],methods=[POST]}" onto public java.lang.Object org.springframework.cloud.endpoint.GenericPostableMvcEndpoint.invoke()
2016-02-24 17:48:24.785  INFO 78746 --- [           main] o.s.b.a.e.mvc.EndpointHandlerMapping     : Mapped "{[/mappings],methods=[GET]}" onto public java.lang.Object org.springframework.boot.actuate.endpoint.mvc.EndpointMvcAdapter.invoke()
2016-02-24 17:48:24.785  INFO 78746 --- [           main] o.s.b.a.e.mvc.EndpointHandlerMapping     : Mapped "{[/autoconfig],methods=[GET]}" onto public java.lang.Object org.springframework.boot.actuate.endpoint.mvc.EndpointMvcAdapter.invoke()
2016-02-24 17:48:24.813  INFO 78746 --- [           main] b.a.s.AuthenticationManagerConfiguration : 

Using default security password: 21454d58-c0dd-4f65-bf7c-495562d192e2

2016-02-24 17:48:24.846  INFO 78746 --- [           main] o.s.s.web.DefaultSecurityFilterChain     : Creating filter chain: Ant [pattern='/css/**'], []
2016-02-24 17:48:24.846  INFO 78746 --- [           main] o.s.s.web.DefaultSecurityFilterChain     : Creating filter chain: Ant [pattern='/js/**'], []
2016-02-24 17:48:24.846  INFO 78746 --- [           main] o.s.s.web.DefaultSecurityFilterChain     : Creating filter chain: Ant [pattern='/images/**'], []
2016-02-24 17:48:24.846  INFO 78746 --- [           main] o.s.s.web.DefaultSecurityFilterChain     : Creating filter chain: Ant [pattern='/**/favicon.ico'], []
2016-02-24 17:48:24.846  INFO 78746 --- [           main] o.s.s.web.DefaultSecurityFilterChain     : Creating filter chain: Ant [pattern='/hystrix.stream'], []
2016-02-24 17:48:24.846  INFO 78746 --- [           main] o.s.s.web.DefaultSecurityFilterChain     : Creating filter chain: Ant [pattern='/hystrix.stream/**'], []
2016-02-24 17:48:24.846  INFO 78746 --- [           main] o.s.s.web.DefaultSecurityFilterChain     : Creating filter chain: Ant [pattern='/hystrix.stream.*'], []
2016-02-24 17:48:24.846  INFO 78746 --- [           main] o.s.s.web.DefaultSecurityFilterChain     : Creating filter chain: Ant [pattern='/health'], []
2016-02-24 17:48:24.846  INFO 78746 --- [           main] o.s.s.web.DefaultSecurityFilterChain     : Creating filter chain: Ant [pattern='/health/**'], []
2016-02-24 17:48:24.846  INFO 78746 --- [           main] o.s.s.web.DefaultSecurityFilterChain     : Creating filter chain: Ant [pattern='/health.*'], []
2016-02-24 17:48:24.846  INFO 78746 --- [           main] o.s.s.web.DefaultSecurityFilterChain     : Creating filter chain: Ant [pattern='/info'], []
2016-02-24 17:48:24.847  INFO 78746 --- [           main] o.s.s.web.DefaultSecurityFilterChain     : Creating filter chain: Ant [pattern='/info/**'], []
2016-02-24 17:48:24.847  INFO 78746 --- [           main] o.s.s.web.DefaultSecurityFilterChain     : Creating filter chain: Ant [pattern='/info.*'], []
2016-02-24 17:48:24.847  INFO 78746 --- [           main] o.s.s.web.DefaultSecurityFilterChain     : Creating filter chain: Ant [pattern='/env'], []
2016-02-24 17:48:24.847  INFO 78746 --- [           main] o.s.s.web.DefaultSecurityFilterChain     : Creating filter chain: Ant [pattern='/env/**'], []
2016-02-24 17:48:24.847  INFO 78746 --- [           main] o.s.s.web.DefaultSecurityFilterChain     : Creating filter chain: Ant [pattern='/env.*'], []
2016-02-24 17:48:24.847  INFO 78746 --- [           main] o.s.s.web.DefaultSecurityFilterChain     : Creating filter chain: Ant [pattern='/trace'], []
2016-02-24 17:48:24.847  INFO 78746 --- [           main] o.s.s.web.DefaultSecurityFilterChain     : Creating filter chain: Ant [pattern='/trace/**'], []
2016-02-24 17:48:24.847  INFO 78746 --- [           main] o.s.s.web.DefaultSecurityFilterChain     : Creating filter chain: Ant [pattern='/trace.*'], []
2016-02-24 17:48:24.847  INFO 78746 --- [           main] o.s.s.web.DefaultSecurityFilterChain     : Creating filter chain: Ant [pattern='/restart'], []
2016-02-24 17:48:24.847  INFO 78746 --- [           main] o.s.s.web.DefaultSecurityFilterChain     : Creating filter chain: Ant [pattern='/restart/**'], []
2016-02-24 17:48:24.847  INFO 78746 --- [           main] o.s.s.web.DefaultSecurityFilterChain     : Creating filter chain: Ant [pattern='/restart.*'], []
2016-02-24 17:48:24.847  INFO 78746 --- [           main] o.s.s.web.DefaultSecurityFilterChain     : Creating filter chain: Ant [pattern='/beans'], []
2016-02-24 17:48:24.847  INFO 78746 --- [           main] o.s.s.web.DefaultSecurityFilterChain     : Creating filter chain: Ant [pattern='/beans/**'], []
2016-02-24 17:48:24.847  INFO 78746 --- [           main] o.s.s.web.DefaultSecurityFilterChain     : Creating filter chain: Ant [pattern='/beans.*'], []
2016-02-24 17:48:24.848  INFO 78746 --- [           main] o.s.s.web.DefaultSecurityFilterChain     : Creating filter chain: Ant [pattern='/dump'], []
2016-02-24 17:48:24.848  INFO 78746 --- [           main] o.s.s.web.DefaultSecurityFilterChain     : Creating filter chain: Ant [pattern='/dump/**'], []
2016-02-24 17:48:24.848  INFO 78746 --- [           main] o.s.s.web.DefaultSecurityFilterChain     : Creating filter chain: Ant [pattern='/dump.*'], []
2016-02-24 17:48:24.848  INFO 78746 --- [           main] o.s.s.web.DefaultSecurityFilterChain     : Creating filter chain: Ant [pattern='/metrics'], []
2016-02-24 17:48:24.848  INFO 78746 --- [           main] o.s.s.web.DefaultSecurityFilterChain     : Creating filter chain: Ant [pattern='/metrics/**'], []
2016-02-24 17:48:24.848  INFO 78746 --- [           main] o.s.s.web.DefaultSecurityFilterChain     : Creating filter chain: Ant [pattern='/metrics.*'], []
2016-02-24 17:48:24.848  INFO 78746 --- [           main] o.s.s.web.DefaultSecurityFilterChain     : Creating filter chain: Ant [pattern='/refresh'], []
2016-02-24 17:48:24.848  INFO 78746 --- [           main] o.s.s.web.DefaultSecurityFilterChain     : Creating filter chain: Ant [pattern='/refresh/**'], []
2016-02-24 17:48:24.848  INFO 78746 --- [           main] o.s.s.web.DefaultSecurityFilterChain     : Creating filter chain: Ant [pattern='/refresh.*'], []
2016-02-24 17:48:24.848  INFO 78746 --- [           main] o.s.s.web.DefaultSecurityFilterChain     : Creating filter chain: Ant [pattern='/resume'], []
2016-02-24 17:48:24.848  INFO 78746 --- [           main] o.s.s.web.DefaultSecurityFilterChain     : Creating filter chain: Ant [pattern='/resume/**'], []
2016-02-24 17:48:24.848  INFO 78746 --- [           main] o.s.s.web.DefaultSecurityFilterChain     : Creating filter chain: Ant [pattern='/resume.*'], []
2016-02-24 17:48:24.848  INFO 78746 --- [           main] o.s.s.web.DefaultSecurityFilterChain     : Creating filter chain: Ant [pattern='/configprops'], []
2016-02-24 17:48:24.848  INFO 78746 --- [           main] o.s.s.web.DefaultSecurityFilterChain     : Creating filter chain: Ant [pattern='/configprops/**'], []
2016-02-24 17:48:24.848  INFO 78746 --- [           main] o.s.s.web.DefaultSecurityFilterChain     : Creating filter chain: Ant [pattern='/configprops.*'], []
2016-02-24 17:48:24.849  INFO 78746 --- [           main] o.s.s.web.DefaultSecurityFilterChain     : Creating filter chain: Ant [pattern='/archaius'], []
2016-02-24 17:48:24.849  INFO 78746 --- [           main] o.s.s.web.DefaultSecurityFilterChain     : Creating filter chain: Ant [pattern='/archaius/**'], []
2016-02-24 17:48:24.849  INFO 78746 --- [           main] o.s.s.web.DefaultSecurityFilterChain     : Creating filter chain: Ant [pattern='/archaius.*'], []
2016-02-24 17:48:24.849  INFO 78746 --- [           main] o.s.s.web.DefaultSecurityFilterChain     : Creating filter chain: Ant [pattern='/pause'], []
2016-02-24 17:48:24.849  INFO 78746 --- [           main] o.s.s.web.DefaultSecurityFilterChain     : Creating filter chain: Ant [pattern='/pause/**'], []
2016-02-24 17:48:24.849  INFO 78746 --- [           main] o.s.s.web.DefaultSecurityFilterChain     : Creating filter chain: Ant [pattern='/pause.*'], []
2016-02-24 17:48:24.849  INFO 78746 --- [           main] o.s.s.web.DefaultSecurityFilterChain     : Creating filter chain: Ant [pattern='/mappings'], []
2016-02-24 17:48:24.849  INFO 78746 --- [           main] o.s.s.web.DefaultSecurityFilterChain     : Creating filter chain: Ant [pattern='/mappings/**'], []
2016-02-24 17:48:24.849  INFO 78746 --- [           main] o.s.s.web.DefaultSecurityFilterChain     : Creating filter chain: Ant [pattern='/mappings.*'], []
2016-02-24 17:48:24.849  INFO 78746 --- [           main] o.s.s.web.DefaultSecurityFilterChain     : Creating filter chain: Ant [pattern='/autoconfig'], []
2016-02-24 17:48:24.849  INFO 78746 --- [           main] o.s.s.web.DefaultSecurityFilterChain     : Creating filter chain: Ant [pattern='/autoconfig/**'], []
2016-02-24 17:48:24.850  INFO 78746 --- [           main] o.s.s.web.DefaultSecurityFilterChain     : Creating filter chain: Ant [pattern='/autoconfig.*'], []
2016-02-24 17:48:24.850  INFO 78746 --- [           main] o.s.s.web.DefaultSecurityFilterChain     : Creating filter chain: Ant [pattern='/error'], []
2016-02-24 17:48:24.873  INFO 78746 --- [           main] o.s.s.web.DefaultSecurityFilterChain     : Creating filter chain: org.springframework.boot.autoconfigure.security.SpringBootWebSecurityConfiguration$ApplicationNoWebSecurityConfigurerAdapter$1@54e0f76f, [org.springframework.security.web.context.request.async.WebAsyncManagerIntegrationFilter@3fe8ad3f, org.springframework.security.web.context.SecurityContextPersistenceFilter@3b33fff9, org.springframework.security.web.header.HeaderWriterFilter@3cf8a235, org.springframework.security.web.csrf.CsrfFilter@333e5fb6, org.springframework.security.web.authentication.logout.LogoutFilter@25d0b918, org.springframework.security.web.savedrequest.RequestCacheAwareFilter@636e4bf8, org.springframework.security.web.servletapi.SecurityContextHolderAwareRequestFilter@315cf170, org.springframework.security.web.authentication.AnonymousAuthenticationFilter@7462ba4b, org.springframework.security.web.session.SessionManagementFilter@59f7c106, org.springframework.security.web.access.ExceptionTranslationFilter@71b3ba5a]
2016-02-24 17:48:25.141  WARN 78746 --- [           main] c.n.c.sources.URLConfigurationSource     : No URLs will be polled as dynamic configuration sources.
2016-02-24 17:48:25.141  INFO 78746 --- [           main] c.n.c.sources.URLConfigurationSource     : To enable URLs as dynamic configuration sources, define System property archaius.configurationSource.additionalUrls or make config.properties available on classpath.
2016-02-24 17:48:25.197  INFO 78746 --- [           main] ProxyFactoryBean$MethodInvocationGateway : started hystrixStreamChannel
2016-02-24 17:48:25.197  INFO 78746 --- [           main] o.s.i.gateway.GatewayProxyFactoryBean    : started hystrixStreamChannel
2016-02-24 17:48:25.273  INFO 78746 --- [           main] o.s.c.support.DefaultLifecycleProcessor  : Starting beans in phase -2147483648
2016-02-24 17:48:25.274  INFO 78746 --- [           main] o.s.c.support.DefaultLifecycleProcessor  : Starting beans in phase 0
2016-02-24 17:48:25.274  INFO 78746 --- [           main] o.s.i.endpoint.EventDrivenConsumer       : Adding {logging-channel-adapter:_org.springframework.integration.errorLogger} as a subscriber to the 'errorChannel' channel
2016-02-24 17:48:25.275  INFO 78746 --- [           main] o.s.i.channel.PublishSubscribeChannel    : Channel 'ui:pact:-1.errorChannel' has 1 subscriber(s).
2016-02-24 17:48:25.275  INFO 78746 --- [           main] o.s.i.endpoint.EventDrivenConsumer       : started _org.springframework.integration.errorLogger
2016-02-24 17:48:25.275  INFO 78746 --- [           main] o.s.i.endpoint.EventDrivenConsumer       : Adding {amqp:outbound-channel-adapter} as a subscriber to the 'hystrixStream' channel
2016-02-24 17:48:25.275  INFO 78746 --- [           main] o.s.integration.channel.DirectChannel    : Channel 'ui:pact:-1.hystrixStream' has 1 subscriber(s).
2016-02-24 17:48:25.275  INFO 78746 --- [           main] o.s.i.endpoint.EventDrivenConsumer       : started org.springframework.integration.config.ConsumerEndpointFactoryBean#0
2016-02-24 17:48:25.275  INFO 78746 --- [           main] o.s.c.support.DefaultLifecycleProcessor  : Starting beans in phase 2147483647
2016-02-24 17:48:25.276  INFO 78746 --- [           main] c.n.h.c.m.e.HystrixMetricsPoller         : Starting HystrixMetricsPoller
2016-02-24 17:48:25.277  INFO 78746 --- [           main] ration$HystrixMetricsPollerConfiguration : Starting poller
2016-02-24 17:48:25.286  INFO 78746 --- [           main] i.s.c.s.f.u.s.f.FortuneServicePactTest   : Started FortuneServicePactTest in 4.783 seconds (JVM running for 5.367)
]]></system-out>
  </testcase>
</testsuite>